# JRE version: Java(TM) SE Runtime Environment (8.0_231-b11) (build 1.8.0_231-b11)
# Java VM: Java HotSpot(TM) 64-Bit Server VM (25.231-b11 mixed mode windows-amd64 compressed oops)
Heap:
 PSYoungGen      total 140800K, used 88754K [0x00000000eb400000, 0x00000000f9500000, 0x0000000100000000)
  eden space 128512K, 69% used [0x00000000eb400000,0x00000000f0aac9e8,0x00000000f3180000)
  from space 12288K, 0% used [0x00000000f3180000,0x00000000f3180000,0x00000000f3d80000)
  to   space 12288K, 0% used [0x00000000f8900000,0x00000000f8900000,0x00000000f9500000)
 ParOldGen       total 44032K, used 16938K [0x00000000c1c00000, 0x00000000c4700000, 0x00000000eb400000)
  object space 44032K, 38% used [0x00000000c1c00000,0x00000000c2c8a8e0,0x00000000c4700000)
 Metaspace       used 24306K, capacity 24938K, committed 25264K, reserved 1071104K
  class space    used 2757K, capacity 2910K, committed 2992K, reserved 1048576K
GC Heap History (10 events):
Event: 6.398 GC heap before
{Heap before GC invocations=6 (full 0):
 PSYoungGen      total 35328K, used 35304K [0x00000000eb400000, 0x00000000f0300000, 0x0000000100000000)
  eden space 32768K, 100% used [0x00000000eb400000,0x00000000ed400000,0x00000000ed400000)
  from space 2560K, 99% used [0x00000000ed400000,0x00000000ed67a020,0x00000000ed680000)
  to   space 7680K, 0% used [0x00000000efb80000,0x00000000efb80000,0x00000000f0300000)
 ParOldGen       total 44032K, used 10760K [0x00000000c1c00000, 0x00000000c4700000, 0x00000000eb400000)
  object space 44032K, 24% used [0x00000000c1c00000,0x00000000c2682108,0x00000000c4700000)
 Metaspace       used 15718K, capacity 16066K, committed 16384K, reserved 1062912K
  class space    used 1901K, capacity 2010K, committed 2048K, reserved 1048576K
Event: 6.410 GC heap after
Heap after GC invocations=6 (full 0):
 PSYoungGen      total 72704K, used 6630K [0x00000000eb400000, 0x00000000f0400000, 0x0000000100000000)
  eden space 65024K, 0% used [0x00000000eb400000,0x00000000eb400000,0x00000000ef380000)
  from space 7680K, 86% used [0x00000000efb80000,0x00000000f01f99a8,0x00000000f0300000)
  to   space 8192K, 0% used [0x00000000ef380000,0x00000000ef380000,0x00000000efb80000)
 ParOldGen       total 44032K, used 10768K [0x00000000c1c00000, 0x00000000c4700000, 0x00000000eb400000)
  object space 44032K, 24% used [0x00000000c1c00000,0x00000000c2684108,0x00000000c4700000)
 Metaspace       used 15718K, capacity 16066K, committed 16384K, reserved 1062912K
  class space    used 1901K, capacity 2010K, committed 2048K, reserved 1048576K
}
Event: 7.740 GC heap before
{Heap before GC invocations=7 (full 0):
 PSYoungGen      total 72704K, used 71654K [0x00000000eb400000, 0x00000000f0400000, 0x0000000100000000)
  eden space 65024K, 100% used [0x00000000eb400000,0x00000000ef380000,0x00000000ef380000)
  from space 7680K, 86% used [0x00000000efb80000,0x00000000f01f99a8,0x00000000f0300000)
  to   space 8192K, 0% used [0x00000000ef380000,0x00000000ef380000,0x00000000efb80000)
 ParOldGen       total 44032K, used 10768K [0x00000000c1c00000, 0x00000000c4700000, 0x00000000eb400000)
  object space 44032K, 24% used [0x00000000c1c00000,0x00000000c2684108,0x00000000c4700000)
 Metaspace       used 16256K, capacity 16648K, committed 16896K, reserved 1064960K
  class space    used 1921K, capacity 2021K, committed 2048K, reserved 1048576K
Event: 7.764 GC heap after
Heap after GC invocations=7 (full 0):
 PSYoungGen      total 73216K, used 8192K [0x00000000eb400000, 0x00000000f4800000, 0x0000000100000000)
  eden space 65024K, 0% used [0x00000000eb400000,0x00000000eb400000,0x00000000ef380000)
  from space 8192K, 100% used [0x00000000ef380000,0x00000000efb80000,0x00000000efb80000)
  to   space 10752K, 0% used [0x00000000f3d80000,0x00000000f3d80000,0x00000000f4800000)
 ParOldGen       total 44032K, used 13157K [0x00000000c1c00000, 0x00000000c4700000, 0x00000000eb400000)
  object space 44032K, 29% used [0x00000000c1c00000,0x00000000c28d9498,0x00000000c4700000)
 Metaspace       used 16256K, capacity 16648K, committed 16896K, reserved 1064960K
  class space    used 1921K, capacity 2021K, committed 2048K, reserved 1048576K
}
Event: 9.775 GC heap before
{Heap before GC invocations=8 (full 0):
 PSYoungGen      total 73216K, used 73216K [0x00000000eb400000, 0x00000000f4800000, 0x0000000100000000)
  eden space 65024K, 100% used [0x00000000eb400000,0x00000000ef380000,0x00000000ef380000)
  from space 8192K, 100% used [0x00000000ef380000,0x00000000efb80000,0x00000000efb80000)
  to   space 10752K, 0% used [0x00000000f3d80000,0x00000000f3d80000,0x00000000f4800000)
 ParOldGen       total 44032K, used 13157K [0x00000000c1c00000, 0x00000000c4700000, 0x00000000eb400000)
  object space 44032K, 29% used [0x00000000c1c00000,0x00000000c28d9498,0x00000000c4700000)
 Metaspace       used 17509K, capacity 18016K, committed 18304K, reserved 1064960K
  class space    used 2033K, capacity 2157K, committed 2176K, reserved 1048576K
Event: 9.814 GC heap after
Heap after GC invocations=8 (full 0):
 PSYoungGen      total 139264K, used 10745K [0x00000000eb400000, 0x00000000f4b00000, 0x0000000100000000)
  eden space 128512K, 0% used [0x00000000eb400000,0x00000000eb400000,0x00000000f3180000)
  from space 10752K, 99% used [0x00000000f3d80000,0x00000000f47fe5b0,0x00000000f4800000)
  to   space 12288K, 0% used [0x00000000f3180000,0x00000000f3180000,0x00000000f3d80000)
 ParOldGen       total 44032K, used 13775K [0x00000000c1c00000, 0x00000000c4700000, 0x00000000eb400000)
  object space 44032K, 31% used [0x00000000c1c00000,0x00000000c2973f28,0x00000000c4700000)
 Metaspace       used 17509K, capacity 18016K, committed 18304K, reserved 1064960K
  class space    used 2033K, capacity 2157K, committed 2176K, reserved 1048576K
}
Event: 11.684 GC heap before
{Heap before GC invocations=9 (full 0):
 PSYoungGen      total 139264K, used 46659K [0x00000000eb400000, 0x00000000f4b00000, 0x0000000100000000)
  eden space 128512K, 27% used [0x00000000eb400000,0x00000000ed712868,0x00000000f3180000)
  from space 10752K, 99% used [0x00000000f3d80000,0x00000000f47fe5b0,0x00000000f4800000)
  to   space 12288K, 0% used [0x00000000f3180000,0x00000000f3180000,0x00000000f3d80000)
 ParOldGen       total 44032K, used 13775K [0x00000000c1c00000, 0x00000000c4700000, 0x00000000eb400000)
  object space 44032K, 31% used [0x00000000c1c00000,0x00000000c2973f28,0x00000000c4700000)
 Metaspace       used 20637K, capacity 21226K, committed 21296K, reserved 1069056K
  class space    used 2449K, capacity 2590K, committed 2608K, reserved 1048576K
Event: 11.721 GC heap after
Heap after GC invocations=9 (full 0):
 PSYoungGen      total 140800K, used 7509K [0x00000000eb400000, 0x00000000f9500000, 0x0000000100000000)
  eden space 128512K, 0% used [0x00000000eb400000,0x00000000eb400000,0x00000000f3180000)
  from space 12288K, 61% used [0x00000000f3180000,0x00000000f38d57b8,0x00000000f3d80000)
  to   space 12288K, 0% used [0x00000000f8900000,0x00000000f8900000,0x00000000f9500000)
 ParOldGen       total 44032K, used 18305K [0x00000000c1c00000, 0x00000000c4700000, 0x00000000eb400000)
  object space 44032K, 41% used [0x00000000c1c00000,0x00000000c2de0788,0x00000000c4700000)
 Metaspace       used 20637K, capacity 21226K, committed 21296K, reserved 1069056K
  class space    used 2449K, capacity 2590K, committed 2608K, reserved 1048576K
}
Event: 11.721 GC heap before
{Heap before GC invocations=10 (full 1):
 PSYoungGen      total 140800K, used 7509K [0x00000000eb400000, 0x00000000f9500000, 0x0000000100000000)
  eden space 128512K, 0% used [0x00000000eb400000,0x00000000eb400000,0x00000000f3180000)
  from space 12288K, 61% used [0x00000000f3180000,0x00000000f38d57b8,0x00000000f3d80000)
  to   space 12288K, 0% used [0x00000000f8900000,0x00000000f8900000,0x00000000f9500000)
 ParOldGen       total 44032K, used 18305K [0x00000000c1c00000, 0x00000000c4700000, 0x00000000eb400000)
  object space 44032K, 41% used [0x00000000c1c00000,0x00000000c2de0788,0x00000000c4700000)
 Metaspace       used 20637K, capacity 21226K, committed 21296K, reserved 1069056K
  class space    used 2449K, capacity 2590K, committed 2608K, reserved 1048576K
Event: 11.830 GC heap after
Heap after GC invocations=10 (full 1):
 PSYoungGen      total 140800K, used 0K [0x00000000eb400000, 0x00000000f9500000, 0x0000000100000000)
  eden space 128512K, 0% used [0x00000000eb400000,0x00000000eb400000,0x00000000f3180000)
  from space 12288K, 0% used [0x00000000f3180000,0x00000000f3180000,0x00000000f3d80000)
  to   space 12288K, 0% used [0x00000000f8900000,0x00000000f8900000,0x00000000f9500000)
 ParOldGen       total 44032K, used 16938K [0x00000000c1c00000, 0x00000000c4700000, 0x00000000eb400000)
  object space 44032K, 38% used [0x00000000c1c00000,0x00000000c2c8a8e0,0x00000000c4700000)
 Metaspace       used 20637K, capacity 21226K, committed 21296K, reserved 1069056K
  class space    used 2449K, capacity 2590K, committed 2608K, reserved 1048576K
}

